<?xml version="1.0" encoding="UTF-8"?>
<testng-results skipped="0" failed="0" ignored="0" total="1" passed="1">
  <reporter-output>
  </reporter-output>
  <suite name="Default suite" duration-ms="37" started-at="2022-01-13T03:52:48Z" finished-at="2022-01-13T03:52:48Z">
    <groups>
    </groups>
    <test name="Default test" duration-ms="37" started-at="2022-01-13T03:52:48Z" finished-at="2022-01-13T03:52:48Z">
      <class name="org.Testing.Testing_TestNG">
        <test-method status="PASS" signature="testing()[pri:0, instance:org.Testing.Testing_TestNG@79efed2d]" name="testing" duration-ms="14" started-at="2022-01-12T19:52:48Z" finished-at="2022-01-12T19:52:48Z">
          <reporter-output>
          </reporter-output>
        </test-method> <!-- testing -->
      </class> <!-- org.Testing.Testing_TestNG -->
    </test> <!-- Default test -->
  </suite> <!-- Default suite -->
</testng-results>
